Oct 8, 2011 4:04:51 PM org.apache.catalina.startup.ConnectorCreateRule _setExecutor
WARNING: Connector [org.apache.catalina.connector.Connector@29c56c60] does not support external executors. Method setExecutor(java.util.concurrent.Executor) not found.
Oct 8, 2011 4:04:51 PM org.apache.catalina.core.AprLifecycleListener init
INFO: The APR based Apache Tomcat Native library which allows optimal performance in production environments was not found on the java.library.path: /usr/java/jdk1.6.0_23/jre/lib/amd64/server:/usr/java/jdk1.6.0_23/jre/lib/amd64:/usr/java/jdk1.6.0_23/jre/../lib/amd64:/usr/java/packages/lib/amd64:/usr/lib64:/lib64:/lib:/usr/lib
Oct 8, 2011 4:04:51 PM org.apache.coyote.http11.Http11Protocol init
INFO: Initializing Coyote HTTP/1.1 on http-8080
Oct 8, 2011 4:04:51 PM org.apache.catalina.startup.Catalina load
INFO: Initialization processed in 411 ms
Oct 8, 2011 4:04:51 PM org.apache.catalina.core.StandardService start
INFO: Starting service Catalina
Oct 8, 2011 4:04:51 PM org.apache.catalina.core.StandardEngine start
INFO: Starting Servlet Engine: Apache Tomcat/6.0.18
Oct 8, 2011 4:04:51 PM org.apache.catalina.core.ApplicationContext log
INFO: ContextListener: contextInitialized()
Oct 8, 2011 4:04:51 PM org.apache.catalina.core.ApplicationContext log
INFO: SessionListener: contextInitialized()
Oct 8, 2011 4:04:51 PM org.apache.coyote.http11.Http11Protocol start
INFO: Starting Coyote HTTP/1.1 on http-8080
Oct 8, 2011 4:04:51 PM org.apache.jk.common.ChannelSocket init
INFO: JK: ajp13 listening on /0.0.0.0:8009
Oct 8, 2011 4:04:51 PM org.apache.jk.server.JkMain start
INFO: Jk running ID=0 time=0/17  config=null
Oct 8, 2011 4:04:51 PM org.apache.catalina.startup.Catalina start
INFO: Server startup in 632 ms
Oct 8, 2011 4:05:14 PM org.apache.coyote.http11.Http11Protocol pause
INFO: Pausing Coyote HTTP/1.1 on http-8080
Oct 8, 2011 4:05:15 PM org.apache.catalina.core.StandardService stop
INFO: Stopping service Catalina
Oct 8, 2011 4:05:15 PM org.apache.catalina.core.ApplicationContext log
INFO: SessionListener: contextDestroyed()
Oct 8, 2011 4:05:15 PM org.apache.catalina.core.ApplicationContext log
INFO: ContextListener: contextDestroyed()
Oct 8, 2011 4:05:15 PM org.apache.coyote.http11.Http11Protocol destroy
INFO: Stopping Coyote HTTP/1.1 on http-8080
Oct 8, 2011 4:18:16 PM org.apache.catalina.core.AprLifecycleListener init
INFO: Loaded APR based Apache Tomcat Native library 1.1.20.
Oct 8, 2011 4:18:16 PM org.apache.catalina.core.AprLifecycleListener init
INFO: APR capabilities: IPv6 [true], sendfile [true], accept filters [false], random [true].
Oct 8, 2011 4:18:16 PM org.apache.coyote.http11.Http11AprProtocol init
INFO: Initializing Coyote HTTP/1.1 on http-8080
Oct 8, 2011 4:18:16 PM org.apache.coyote.ajp.AjpAprProtocol init
INFO: Initializing Coyote AJP/1.3 on ajp-8009
Oct 8, 2011 4:18:16 PM org.apache.catalina.startup.Catalina load
INFO: Initialization processed in 455 ms
Oct 8, 2011 4:18:16 PM org.apache.catalina.core.StandardService start
INFO: Starting service Catalina
Oct 8, 2011 4:18:16 PM org.apache.catalina.core.StandardEngine start
INFO: Starting Servlet Engine: Apache Tomcat/6.0.18
Oct 8, 2011 4:18:17 PM org.apache.catalina.core.ApplicationContext log
INFO: ContextListener: contextInitialized()
Oct 8, 2011 4:18:17 PM org.apache.catalina.core.ApplicationContext log
INFO: SessionListener: contextInitialized()
Oct 8, 2011 4:18:17 PM org.apache.coyote.http11.Http11AprProtocol start
INFO: Starting Coyote HTTP/1.1 on http-8080
Oct 8, 2011 4:18:17 PM org.apache.coyote.ajp.AjpAprProtocol start
INFO: Starting Coyote AJP/1.3 on ajp-8009
Oct 8, 2011 4:18:17 PM org.apache.catalina.startup.Catalina start
INFO: Server startup in 654 ms
Oct 8, 2011 4:27:04 PM org.apache.coyote.http11.Http11AprProtocol pause
INFO: Pausing Coyote HTTP/1.1 on http-8080
Oct 8, 2011 4:27:04 PM org.apache.coyote.ajp.AjpAprProtocol pause
INFO: Pausing Coyote AJP/1.3 on ajp-8009
Oct 8, 2011 4:27:05 PM org.apache.catalina.core.StandardService stop
INFO: Stopping service Catalina
Oct 8, 2011 4:27:05 PM org.apache.catalina.core.ApplicationContext log
INFO: SessionListener: contextDestroyed()
Oct 8, 2011 4:27:05 PM org.apache.catalina.core.ApplicationContext log
INFO: ContextListener: contextDestroyed()
Oct 8, 2011 4:27:05 PM org.apache.coyote.http11.Http11AprProtocol destroy
INFO: Stopping Coyote HTTP/1.1 on http-8080
Oct 8, 2011 4:27:05 PM org.apache.coyote.ajp.AjpAprProtocol destroy
INFO: Stopping Coyote AJP/1.3 on ajp-8009
Oct 8, 2011 4:29:56 PM org.apache.catalina.core.AprLifecycleListener init
INFO: Loaded APR based Apache Tomcat Native library 1.1.20.
Oct 8, 2011 4:29:56 PM org.apache.catalina.core.AprLifecycleListener init
INFO: APR capabilities: IPv6 [true], sendfile [true], accept filters [false], random [true].
Oct 8, 2011 4:29:57 PM org.apache.coyote.http11.Http11AprProtocol init
INFO: Initializing Coyote HTTP/1.1 on http-8080
Oct 8, 2011 4:29:57 PM org.apache.coyote.ajp.AjpAprProtocol init
INFO: Initializing Coyote AJP/1.3 on ajp-8009
Oct 8, 2011 4:29:57 PM org.apache.catalina.startup.Catalina load
INFO: Initialization processed in 528 ms
Oct 8, 2011 4:29:57 PM org.apache.catalina.core.StandardService start
INFO: Starting service Catalina
Oct 8, 2011 4:29:57 PM org.apache.catalina.core.StandardEngine start
INFO: Starting Servlet Engine: Apache Tomcat/6.0.18
Oct 8, 2011 4:29:57 PM org.apache.coyote.http11.Http11AprProtocol start
INFO: Starting Coyote HTTP/1.1 on http-8080
Oct 8, 2011 4:29:57 PM org.apache.coyote.ajp.AjpAprProtocol start
INFO: Starting Coyote AJP/1.3 on ajp-8009
Oct 8, 2011 4:29:57 PM org.apache.catalina.startup.Catalina start
INFO: Server startup in 232 ms
Oct 8, 2011 5:11:41 PM org.apache.coyote.http11.Http11AprProtocol pause
INFO: Pausing Coyote HTTP/1.1 on http-8080
Oct 8, 2011 5:11:41 PM org.apache.coyote.ajp.AjpAprProtocol pause
INFO: Pausing Coyote AJP/1.3 on ajp-8009
Oct 8, 2011 5:11:42 PM org.apache.catalina.core.StandardService stop
INFO: Stopping service Catalina
Oct 8, 2011 5:11:42 PM org.apache.coyote.http11.Http11AprProtocol destroy
INFO: Stopping Coyote HTTP/1.1 on http-8080
Oct 8, 2011 5:11:42 PM org.apache.coyote.ajp.AjpAprProtocol destroy
INFO: Stopping Coyote AJP/1.3 on ajp-8009
Oct 8, 2011 5:11:44 PM org.apache.catalina.core.AprLifecycleListener init
INFO: Loaded APR based Apache Tomcat Native library 1.1.20.
Oct 8, 2011 5:11:44 PM org.apache.catalina.core.AprLifecycleListener init
INFO: APR capabilities: IPv6 [true], sendfile [true], accept filters [false], random [true].
Oct 8, 2011 5:11:44 PM org.apache.coyote.http11.Http11AprProtocol init
INFO: Initializing Coyote HTTP/1.1 on http-8080
Oct 8, 2011 5:11:44 PM org.apache.coyote.ajp.AjpAprProtocol init
INFO: Initializing Coyote AJP/1.3 on ajp-8009
Oct 8, 2011 5:11:44 PM org.apache.catalina.startup.Catalina load
INFO: Initialization processed in 524 ms
Oct 8, 2011 5:11:44 PM org.apache.catalina.core.StandardService start
INFO: Starting service Catalina
Oct 8, 2011 5:11:44 PM org.apache.catalina.core.StandardEngine start
INFO: Starting Servlet Engine: Apache Tomcat/6.0.18
Oct 8, 2011 5:11:44 PM org.apache.coyote.http11.Http11AprProtocol start
INFO: Starting Coyote HTTP/1.1 on http-8080
Oct 8, 2011 5:11:44 PM org.apache.coyote.ajp.AjpAprProtocol start
INFO: Starting Coyote AJP/1.3 on ajp-8009
Oct 8, 2011 5:11:44 PM org.apache.catalina.startup.Catalina start
INFO: Server startup in 236 ms
Oct 8, 2011 5:23:13 PM org.apache.coyote.http11.Http11AprProtocol pause
INFO: Pausing Coyote HTTP/1.1 on http-8080
Oct 8, 2011 5:23:13 PM org.apache.coyote.ajp.AjpAprProtocol pause
INFO: Pausing Coyote AJP/1.3 on ajp-8009
Oct 8, 2011 5:23:14 PM org.apache.catalina.core.StandardService stop
INFO: Stopping service Catalina
Oct 8, 2011 5:23:14 PM org.apache.coyote.http11.Http11AprProtocol destroy
INFO: Stopping Coyote HTTP/1.1 on http-8080
Oct 8, 2011 5:23:14 PM org.apache.coyote.ajp.AjpAprProtocol destroy
INFO: Stopping Coyote AJP/1.3 on ajp-8009
