Feb 20, 2012 6:48:59 PM org.apache.catalina.core.AprLifecycleListener init
INFO: Loaded APR based Apache Tomcat Native library 1.1.20.
Feb 20, 2012 6:48:59 PM org.apache.catalina.core.AprLifecycleListener init
INFO: APR capabilities: IPv6 [true], sendfile [true], accept filters [false], random [true].
Feb 20, 2012 6:48:59 PM org.apache.coyote.http11.Http11AprProtocol init
SEVERE: Error initializing endpoint
java.lang.Exception: Socket bind failed: [98] Address already in use
	at org.apache.tomcat.util.net.AprEndpoint.init(AprEndpoint.java:612)
	at org.apache.coyote.http11.Http11AprProtocol.init(Http11AprProtocol.java:107)
	at org.apache.catalina.connector.Connector.initialize(Connector.java:1058)
	at org.apache.catalina.core.StandardService.initialize(StandardService.java:677)
	at org.apache.catalina.core.StandardServer.initialize(StandardServer.java:795)
	at org.apache.catalina.startup.Catalina.load(Catalina.java:530)
	at org.apache.catalina.startup.Catalina.load(Catalina.java:550)
	at sun.reflect.NativeMethodAccessorImpl.invoke0(Native Method)
	at sun.reflect.NativeMethodAccessorImpl.invoke(NativeMethodAccessorImpl.java:39)
	at sun.reflect.DelegatingMethodAccessorImpl.invoke(DelegatingMethodAccessorImpl.java:25)
	at java.lang.reflect.Method.invoke(Method.java:597)
	at org.apache.catalina.startup.Bootstrap.load(Bootstrap.java:260)
	at org.apache.catalina.startup.Bootstrap.main(Bootstrap.java:412)
Feb 20, 2012 6:48:59 PM org.apache.catalina.startup.Catalina load
SEVERE: Catalina.start
LifecycleException:  Protocol handler initialization failed: java.lang.Exception: Socket bind failed: [98] Address already in use
	at org.apache.catalina.connector.Connector.initialize(Connector.java:1060)
	at org.apache.catalina.core.StandardService.initialize(StandardService.java:677)
	at org.apache.catalina.core.StandardServer.initialize(StandardServer.java:795)
	at org.apache.catalina.startup.Catalina.load(Catalina.java:530)
	at org.apache.catalina.startup.Catalina.load(Catalina.java:550)
	at sun.reflect.NativeMethodAccessorImpl.invoke0(Native Method)
	at sun.reflect.NativeMethodAccessorImpl.invoke(NativeMethodAccessorImpl.java:39)
	at sun.reflect.DelegatingMethodAccessorImpl.invoke(DelegatingMethodAccessorImpl.java:25)
	at java.lang.reflect.Method.invoke(Method.java:597)
	at org.apache.catalina.startup.Bootstrap.load(Bootstrap.java:260)
	at org.apache.catalina.startup.Bootstrap.main(Bootstrap.java:412)
Feb 20, 2012 6:48:59 PM org.apache.catalina.startup.Catalina load
INFO: Initialization processed in 490 ms
Feb 20, 2012 6:48:59 PM org.apache.catalina.core.StandardService start
INFO: Starting service Catalina
Feb 20, 2012 6:48:59 PM org.apache.catalina.core.StandardEngine start
INFO: Starting Servlet Engine: Apache Tomcat/6.0.16
Feb 20, 2012 6:49:03 PM org.apache.catalina.loader.WebappClassLoader validateJarFile
INFO: validateJarFile(/home/webapp/ecuisp/WEB-INF/lib/javaee.jar) - jar not loaded. See Servlet Spec 2.3, section 9.7.2. Offending class: javax/servlet/Servlet.class
Feb 20, 2012 6:49:03 PM org.apache.catalina.core.StandardContext addApplicationListener
INFO: The listener "com.longkey.web.util.LecSessionListener" is already configured for this context. The duplicate definition has been ignored.
Feb 20, 2012 6:49:03 PM org.apache.catalina.core.ApplicationContext log
INFO: Initializing Spring FrameworkServlet 'monitor'
Feb 20, 2012 6:49:04 PM org.apache.catalina.core.ApplicationContext log
INFO: Initializing Spring FrameworkServlet 'context-servlet'
Feb 20, 2012 6:49:05 PM org.apache.catalina.core.ApplicationContext log
SEVERE: StandardWrapper.Throwable
org.springframework.beans.factory.BeanDefinitionStoreException: Unexpected exception parsing XML document from ServletContext resource [/WEB-INF/web-context.xml]; nested exception is java.lang.IllegalStateException: Annotation-specified bean name 'userAccountFrontBean' for bean class [com.longkey.web.ec.UserAccountFrontBean] conflicts with existing, non-compatible bean definition of same name and class [com.longkey.web.ec.UserAccountFrontBean]
	at org.springframework.beans.factory.xml.XmlBeanDefinitionReader.doLoadBeanDefinitions(XmlBeanDefinitionReader.java:420)
	at org.springframework.beans.factory.xml.XmlBeanDefinitionReader.loadBeanDefinitions(XmlBeanDefinitionReader.java:342)
	at org.springframework.beans.factory.xml.XmlBeanDefinitionReader.loadBeanDefinitions(XmlBeanDefinitionReader.java:310)
	at org.springframework.beans.factory.support.AbstractBeanDefinitionReader.loadBeanDefinitions(AbstractBeanDefinitionReader.java:143)
	at org.springframework.beans.factory.support.AbstractBeanDefinitionReader.loadBeanDefinitions(AbstractBeanDefinitionReader.java:178)
	at org.springframework.beans.factory.support.AbstractBeanDefinitionReader.loadBeanDefinitions(AbstractBeanDefinitionReader.java:149)
	at org.springframework.web.context.support.XmlWebApplicationContext.loadBeanDefinitions(XmlWebApplicationContext.java:124)
	at org.springframework.web.context.support.XmlWebApplicationContext.loadBeanDefinitions(XmlWebApplicationContext.java:92)
	at org.springframework.context.support.AbstractRefreshableApplicationContext.refreshBeanFactory(AbstractRefreshableApplicationContext.java:123)
	at org.springframework.context.support.AbstractApplicationContext.obtainFreshBeanFactory(AbstractApplicationContext.java:423)
	at org.springframework.context.support.AbstractApplicationContext.refresh(AbstractApplicationContext.java:353)
	at org.springframework.web.servlet.FrameworkServlet.createWebApplicationContext(FrameworkServlet.java:402)
	at org.springframework.web.servlet.FrameworkServlet.initWebApplicationContext(FrameworkServlet.java:316)
	at com.longkey.commons.servlet.RemoteServlet.initWebApplicationContext(RemoteServlet.java:35)
	at org.springframework.web.servlet.FrameworkServlet.initServletBean(FrameworkServlet.java:282)
	at org.springframework.web.servlet.HttpServletBean.init(HttpServletBean.java:126)
	at javax.servlet.GenericServlet.init(GenericServlet.java:212)
	at com.longkey.commons.servlet.RemoteServlet.init(RemoteServlet.java:47)
	at org.apache.catalina.core.StandardWrapper.loadServlet(StandardWrapper.java:1161)
	at org.apache.catalina.core.StandardWrapper.load(StandardWrapper.java:981)
	at org.apache.catalina.core.StandardContext.loadOnStartup(StandardContext.java:4058)
	at org.apache.catalina.core.StandardContext.start(StandardContext.java:4364)
	at org.apache.catalina.core.ContainerBase.addChildInternal(ContainerBase.java:791)
	at org.apache.catalina.core.ContainerBase.addChild(ContainerBase.java:771)
	at org.apache.catalina.core.StandardHost.addChild(StandardHost.java:525)
	at org.apache.catalina.startup.HostConfig.deployDirectory(HostConfig.java:924)
	at org.apache.catalina.startup.HostConfig.deployDirectories(HostConfig.java:887)
	at org.apache.catalina.startup.HostConfig.deployApps(HostConfig.java:492)
	at org.apache.catalina.startup.HostConfig.start(HostConfig.java:1147)
	at org.apache.catalina.startup.HostConfig.lifecycleEvent(HostConfig.java:311)
	at org.apache.catalina.util.LifecycleSupport.fireLifecycleEvent(LifecycleSupport.java:117)
	at org.apache.catalina.core.ContainerBase.start(ContainerBase.java:1053)
	at org.apache.catalina.core.StandardHost.start(StandardHost.java:719)
	at org.apache.catalina.core.ContainerBase.start(ContainerBase.java:1045)
	at org.apache.catalina.core.StandardEngine.start(StandardEngine.java:443)
	at org.apache.catalina.core.StandardService.start(StandardService.java:516)
	at org.apache.catalina.core.StandardServer.start(StandardServer.java:710)
	at org.apache.catalina.startup.Catalina.start(Catalina.java:578)
	at sun.reflect.NativeMethodAccessorImpl.invoke0(Native Method)
	at sun.reflect.NativeMethodAccessorImpl.invoke(NativeMethodAccessorImpl.java:39)
	at sun.reflect.DelegatingMethodAccessorImpl.invoke(DelegatingMethodAccessorImpl.java:25)
	at java.lang.reflect.Method.invoke(Method.java:597)
	at org.apache.catalina.startup.Bootstrap.start(Bootstrap.java:288)
	at org.apache.catalina.startup.Bootstrap.main(Bootstrap.java:413)
Caused by: java.lang.IllegalStateException: Annotation-specified bean name 'userAccountFrontBean' for bean class [com.longkey.web.ec.UserAccountFrontBean] conflicts with existing, non-compatible bean definition of same name and class [com.longkey.web.ec.UserAccountFrontBean]
	at org.springframework.context.annotation.ClassPathBeanDefinitionScanner.checkCandidate(ClassPathBeanDefinitionScanner.java:267)
	at org.springframework.context.annotation.ClassPathBeanDefinitionScanner.doScan(ClassPathBeanDefinitionScanner.java:208)
	at org.springframework.context.annotation.ComponentScanBeanDefinitionParser.parse(ComponentScanBeanDefinitionParser.java:85)
	at org.springframework.beans.factory.xml.NamespaceHandlerSupport.parse(NamespaceHandlerSupport.java:69)
	at org.springframework.beans.factory.xml.BeanDefinitionParserDelegate.parseCustomElement(BeanDefinitionParserDelegate.java:1255)
	at org.springframework.beans.factory.xml.BeanDefinitionParserDelegate.parseCustomElement(BeanDefinitionParserDelegate.java:1245)
	at org.springframework.beans.factory.xml.DefaultBeanDefinitionDocumentReader.parseBeanDefinitions(DefaultBeanDefinitionDocumentReader.java:135)
	at org.springframework.beans.factory.xml.DefaultBeanDefinitionDocumentReader.registerBeanDefinitions(DefaultBeanDefinitionDocumentReader.java:92)
	at org.springframework.beans.factory.xml.XmlBeanDefinitionReader.registerBeanDefinitions(XmlBeanDefinitionReader.java:507)
	at org.springframework.beans.factory.xml.XmlBeanDefinitionReader.doLoadBeanDefinitions(XmlBeanDefinitionReader.java:398)
	... 43 more
Feb 20, 2012 6:49:05 PM org.apache.catalina.core.StandardContext loadOnStartup
SEVERE: Servlet /ecuisp threw load() exception
java.lang.IllegalStateException: Annotation-specified bean name 'userAccountFrontBean' for bean class [com.longkey.web.ec.UserAccountFrontBean] conflicts with existing, non-compatible bean definition of same name and class [com.longkey.web.ec.UserAccountFrontBean]
	at org.springframework.context.annotation.ClassPathBeanDefinitionScanner.checkCandidate(ClassPathBeanDefinitionScanner.java:267)
	at org.springframework.context.annotation.ClassPathBeanDefinitionScanner.doScan(ClassPathBeanDefinitionScanner.java:208)
	at org.springframework.context.annotation.ComponentScanBeanDefinitionParser.parse(ComponentScanBeanDefinitionParser.java:85)
	at org.springframework.beans.factory.xml.NamespaceHandlerSupport.parse(NamespaceHandlerSupport.java:69)
	at org.springframework.beans.factory.xml.BeanDefinitionParserDelegate.parseCustomElement(BeanDefinitionParserDelegate.java:1255)
	at org.springframework.beans.factory.xml.BeanDefinitionParserDelegate.parseCustomElement(BeanDefinitionParserDelegate.java:1245)
	at org.springframework.beans.factory.xml.DefaultBeanDefinitionDocumentReader.parseBeanDefinitions(DefaultBeanDefinitionDocumentReader.java:135)
	at org.springframework.beans.factory.xml.DefaultBeanDefinitionDocumentReader.registerBeanDefinitions(DefaultBeanDefinitionDocumentReader.java:92)
	at org.springframework.beans.factory.xml.XmlBeanDefinitionReader.registerBeanDefinitions(XmlBeanDefinitionReader.java:507)
	at org.springframework.beans.factory.xml.XmlBeanDefinitionReader.doLoadBeanDefinitions(XmlBeanDefinitionReader.java:398)
	at org.springframework.beans.factory.xml.XmlBeanDefinitionReader.loadBeanDefinitions(XmlBeanDefinitionReader.java:342)
	at org.springframework.beans.factory.xml.XmlBeanDefinitionReader.loadBeanDefinitions(XmlBeanDefinitionReader.java:310)
	at org.springframework.beans.factory.support.AbstractBeanDefinitionReader.loadBeanDefinitions(AbstractBeanDefinitionReader.java:143)
	at org.springframework.beans.factory.support.AbstractBeanDefinitionReader.loadBeanDefinitions(AbstractBeanDefinitionReader.java:178)
	at org.springframework.beans.factory.support.AbstractBeanDefinitionReader.loadBeanDefinitions(AbstractBeanDefinitionReader.java:149)
	at org.springframework.web.context.support.XmlWebApplicationContext.loadBeanDefinitions(XmlWebApplicationContext.java:124)
	at org.springframework.web.context.support.XmlWebApplicationContext.loadBeanDefinitions(XmlWebApplicationContext.java:92)
	at org.springframework.context.support.AbstractRefreshableApplicationContext.refreshBeanFactory(AbstractRefreshableApplicationContext.java:123)
	at org.springframework.context.support.AbstractApplicationContext.obtainFreshBeanFactory(AbstractApplicationContext.java:423)
	at org.springframework.context.support.AbstractApplicationContext.refresh(AbstractApplicationContext.java:353)
	at org.springframework.web.servlet.FrameworkServlet.createWebApplicationContext(FrameworkServlet.java:402)
	at org.springframework.web.servlet.FrameworkServlet.initWebApplicationContext(FrameworkServlet.java:316)
	at com.longkey.commons.servlet.RemoteServlet.initWebApplicationContext(RemoteServlet.java:35)
	at org.springframework.web.servlet.FrameworkServlet.initServletBean(FrameworkServlet.java:282)
	at org.springframework.web.servlet.HttpServletBean.init(HttpServletBean.java:126)
	at javax.servlet.GenericServlet.init(GenericServlet.java:212)
	at com.longkey.commons.servlet.RemoteServlet.init(RemoteServlet.java:47)
	at org.apache.catalina.core.StandardWrapper.loadServlet(StandardWrapper.java:1161)
	at org.apache.catalina.core.StandardWrapper.load(StandardWrapper.java:981)
	at org.apache.catalina.core.StandardContext.loadOnStartup(StandardContext.java:4058)
	at org.apache.catalina.core.StandardContext.start(StandardContext.java:4364)
	at org.apache.catalina.core.ContainerBase.addChildInternal(ContainerBase.java:791)
	at org.apache.catalina.core.ContainerBase.addChild(ContainerBase.java:771)
	at org.apache.catalina.core.StandardHost.addChild(StandardHost.java:525)
	at org.apache.catalina.startup.HostConfig.deployDirectory(HostConfig.java:924)
	at org.apache.catalina.startup.HostConfig.deployDirectories(HostConfig.java:887)
	at org.apache.catalina.startup.HostConfig.deployApps(HostConfig.java:492)
	at org.apache.catalina.startup.HostConfig.start(HostConfig.java:1147)
	at org.apache.catalina.startup.HostConfig.lifecycleEvent(HostConfig.java:311)
	at org.apache.catalina.util.LifecycleSupport.fireLifecycleEvent(LifecycleSupport.java:117)
	at org.apache.catalina.core.ContainerBase.start(ContainerBase.java:1053)
	at org.apache.catalina.core.StandardHost.start(StandardHost.java:719)
	at org.apache.catalina.core.ContainerBase.start(ContainerBase.java:1045)
	at org.apache.catalina.core.StandardEngine.start(StandardEngine.java:443)
	at org.apache.catalina.core.StandardService.start(StandardService.java:516)
	at org.apache.catalina.core.StandardServer.start(StandardServer.java:710)
	at org.apache.catalina.startup.Catalina.start(Catalina.java:578)
	at sun.reflect.NativeMethodAccessorImpl.invoke0(Native Method)
	at sun.reflect.NativeMethodAccessorImpl.invoke(NativeMethodAccessorImpl.java:39)
	at sun.reflect.DelegatingMethodAccessorImpl.invoke(DelegatingMethodAccessorImpl.java:25)
	at java.lang.reflect.Method.invoke(Method.java:597)
	at org.apache.catalina.startup.Bootstrap.start(Bootstrap.java:288)
	at org.apache.catalina.startup.Bootstrap.main(Bootstrap.java:413)
Feb 20, 2012 6:49:05 PM org.apache.coyote.http11.Http11AprProtocol start
SEVERE: Error starting endpoint
java.lang.Exception: Socket bind failed: [98] Address already in use
	at org.apache.tomcat.util.net.AprEndpoint.init(AprEndpoint.java:612)
	at org.apache.tomcat.util.net.AprEndpoint.start(AprEndpoint.java:717)
	at org.apache.coyote.http11.Http11AprProtocol.start(Http11AprProtocol.java:137)
	at org.apache.catalina.connector.Connector.start(Connector.java:1131)
	at org.apache.catalina.core.StandardService.start(StandardService.java:531)
	at org.apache.catalina.core.StandardServer.start(StandardServer.java:710)
	at org.apache.catalina.startup.Catalina.start(Catalina.java:578)
	at sun.reflect.NativeMethodAccessorImpl.invoke0(Native Method)
	at sun.reflect.NativeMethodAccessorImpl.invoke(NativeMethodAccessorImpl.java:39)
	at sun.reflect.DelegatingMethodAccessorImpl.invoke(DelegatingMethodAccessorImpl.java:25)
	at java.lang.reflect.Method.invoke(Method.java:597)
	at org.apache.catalina.startup.Bootstrap.start(Bootstrap.java:288)
	at org.apache.catalina.startup.Bootstrap.main(Bootstrap.java:413)
Feb 20, 2012 6:49:05 PM org.apache.catalina.startup.Catalina start
SEVERE: Catalina.start: 
LifecycleException:  service.getName(): "Catalina";  Protocol handler start failed: java.lang.Exception: Socket bind failed: [98] Address already in use
	at org.apache.catalina.connector.Connector.start(Connector.java:1138)
	at org.apache.catalina.core.StandardService.start(StandardService.java:531)
	at org.apache.catalina.core.StandardServer.start(StandardServer.java:710)
	at org.apache.catalina.startup.Catalina.start(Catalina.java:578)
	at sun.reflect.NativeMethodAccessorImpl.invoke0(Native Method)
	at sun.reflect.NativeMethodAccessorImpl.invoke(NativeMethodAccessorImpl.java:39)
	at sun.reflect.DelegatingMethodAccessorImpl.invoke(DelegatingMethodAccessorImpl.java:25)
	at java.lang.reflect.Method.invoke(Method.java:597)
	at org.apache.catalina.startup.Bootstrap.start(Bootstrap.java:288)
	at org.apache.catalina.startup.Bootstrap.main(Bootstrap.java:413)
Feb 20, 2012 6:49:05 PM org.apache.catalina.startup.Catalina start
INFO: Server startup in 5956 ms
Feb 20, 2012 6:49:05 PM org.apache.catalina.core.StandardServer await
SEVERE: StandardServer.await: create[8005]: 
java.net.BindException: Address already in use
	at java.net.PlainSocketImpl.socketBind(Native Method)
	at java.net.PlainSocketImpl.bind(PlainSocketImpl.java:365)
	at java.net.ServerSocket.bind(ServerSocket.java:328)
	at java.net.ServerSocket.<init>(ServerSocket.java:194)
	at org.apache.catalina.core.StandardServer.await(StandardServer.java:373)
	at org.apache.catalina.startup.Catalina.await(Catalina.java:642)
	at org.apache.catalina.startup.Catalina.start(Catalina.java:602)
	at sun.reflect.NativeMethodAccessorImpl.invoke0(Native Method)
	at sun.reflect.NativeMethodAccessorImpl.invoke(NativeMethodAccessorImpl.java:39)
	at sun.reflect.DelegatingMethodAccessorImpl.invoke(DelegatingMethodAccessorImpl.java:25)
	at java.lang.reflect.Method.invoke(Method.java:597)
	at org.apache.catalina.startup.Bootstrap.start(Bootstrap.java:288)
	at org.apache.catalina.startup.Bootstrap.main(Bootstrap.java:413)
Feb 20, 2012 6:49:05 PM org.apache.coyote.http11.Http11AprProtocol pause
INFO: Pausing Coyote HTTP/1.1 on http-8080
Feb 20, 2012 6:49:05 PM org.apache.coyote.ajp.AjpAprProtocol pause
INFO: Pausing Coyote AJP/1.3 on ajp-8009
Feb 20, 2012 6:49:06 PM org.apache.catalina.core.StandardService stop
INFO: Stopping service Catalina
Feb 20, 2012 6:49:06 PM org.apache.catalina.core.ApplicationContext log
INFO: Destroying Spring FrameworkServlet 'monitor'
Feb 20, 2012 6:49:06 PM org.apache.catalina.connector.MapperListener destroy
WARNING: Error unregistering MBeanServerDelegate
java.lang.NullPointerException
	at org.apache.catalina.connector.MapperListener.destroy(MapperListener.java:162)
	at org.apache.catalina.connector.Connector.stop(Connector.java:1179)
	at org.apache.catalina.core.StandardService.stop(StandardService.java:593)
	at org.apache.catalina.core.StandardServer.stop(StandardServer.java:744)
	at org.apache.catalina.startup.Catalina.stop(Catalina.java:628)
	at org.apache.catalina.startup.Catalina$CatalinaShutdownHook.run(Catalina.java:671)
Feb 20, 2012 6:49:06 PM org.apache.coyote.http11.Http11AprProtocol destroy
INFO: Stopping Coyote HTTP/1.1 on http-8080
Feb 20, 2012 6:49:06 PM org.apache.catalina.connector.Connector stop
SEVERE: Coyote connector has not been started
